14:29:02.624 [main] INFO  testCase.TestCase3 - Passedcheckout_validation
15:49:38.370 [TestNG-tests-1] INFO  testCase.TestCase3 - started logs
15:49:54.413 [TestNG-tests-1] INFO  testCase.TestCase - started logs
15:50:31.031 [TestNG-tests-1] INFO  testCase.TestCase2 - started logs
15:51:22.856 [TestNG-tests-1] ERROR org.apache.poi.openxml4j.opc.internal.marshallers.ZipPartMarshaller - Cannot create zip entry /xl/worksheets/_rels/sheet4.xml.rels
java.io.IOException: Stream Closed
	at java.base/java.io.FileOutputStream.writeBytes(Native Method) ~[?:?]
	at java.base/java.io.FileOutputStream.write(FileOutputStream.java:349) ~[?:?]
	at org.apache.commons.compress.archivers.zip.StreamCompressor$OutputStreamCompressor.writeOut(StreamCompressor.java:67) ~[commons-compress-1.24.0.jar:1.24.0]
	at org.apache.commons.compress.archivers.zip.StreamCompressor.writeCounted(StreamCompressor.java:311) ~[commons-compress-1.24.0.jar:1.24.0]
	at org.apache.commons.compress.archivers.zip.StreamCompressor.deflate(StreamCompressor.java:202) ~[commons-compress-1.24.0.jar:1.24.0]
	at org.apache.commons.compress.archivers.zip.StreamCompressor.flushDeflater(StreamCompressor.java:236) ~[commons-compress-1.24.0.jar:1.24.0]
	at org.apache.commons.compress.archivers.zip.ZipArchiveOutputStream.flushDeflater(ZipArchiveOutputStream.java:1077) ~[commons-compress-1.24.0.jar:1.24.0]
	at org.apache.commons.compress.archivers.zip.ZipArchiveOutputStream.closeArchiveEntry(ZipArchiveOutputStream.java:650) ~[commons-compress-1.24.0.jar:1.24.0]
	at org.apache.poi.openxml4j.opc.internal.marshallers.ZipPartMarshaller.marshallRelationshipPart(ZipPartMarshaller.java:185) [poi-ooxml-5.2.4.jar:5.2.4]
	at org.apache.poi.openxml4j.opc.internal.marshallers.ZipPartMarshaller.marshall(ZipPartMarshaller.java:103) [poi-ooxml-5.2.4.jar:5.2.4]
	at org.apache.poi.openxml4j.opc.internal.MemoryPackagePart.save(MemoryPackagePart.java:116) [poi-ooxml-5.2.4.jar:5.2.4]
	at org.apache.poi.openxml4j.opc.internal.marshallers.DefaultMarshaller.marshall(DefaultMarshaller.java:46) [poi-ooxml-5.2.4.jar:5.2.4]
	at org.apache.poi.openxml4j.opc.ZipPackage.saveImpl(ZipPackage.java:594) [poi-ooxml-5.2.4.jar:5.2.4]
	at org.apache.poi.openxml4j.opc.OPCPackage.save(OPCPackage.java:1500) [poi-ooxml-5.2.4.jar:5.2.4]
	at org.apache.poi.ooxml.POIXMLDocument.write(POIXMLDocument.java:227) [poi-ooxml-5.2.4.jar:5.2.4]
	at Utilities.excel_utility.setCellData(excel_utility.java:69) [test-classes/:?]
	at testCase.TestCase2.submenu_printcheck(TestCase2.java:35) [test-classes/:?]
	at java.base/jdk.internal.reflect.NativeMethodAccessorImpl.invoke0(Native Method) ~[?:?]
	at java.base/jdk.internal.reflect.NativeMethodAccessorImpl.invoke(NativeMethodAccessorImpl.java:77) ~[?:?]
	at java.base/jdk.internal.reflect.DelegatingMethodAccessorImpl.invoke(DelegatingMethodAccessorImpl.java:43) ~[?:?]
	at java.base/java.lang.reflect.Method.invoke(Method.java:568) ~[?:?]
	at org.testng.internal.MethodInvocationHelper.invokeMethod(MethodInvocationHelper.java:133) [org.testng_7.4.0.r202105021533.jar:7.4.0]
	at org.testng.internal.TestInvoker.invokeMethod(TestInvoker.java:598) [org.testng_7.4.0.r202105021533.jar:7.4.0]
	at org.testng.internal.TestInvoker.invokeTestMethod(TestInvoker.java:173) [org.testng_7.4.0.r202105021533.jar:7.4.0]
	at org.testng.internal.MethodRunner.runInSequence(MethodRunner.java:46) [org.testng_7.4.0.r202105021533.jar:7.4.0]
	at org.testng.internal.TestInvoker$MethodInvocationAgent.invoke(TestInvoker.java:824) [org.testng_7.4.0.r202105021533.jar:7.4.0]
	at org.testng.internal.TestInvoker.invokeTestMethods(TestInvoker.java:146) [org.testng_7.4.0.r202105021533.jar:7.4.0]
	at org.testng.internal.TestMethodWorker.invokeTestMethods(TestMethodWorker.java:146) [org.testng_7.4.0.r202105021533.jar:7.4.0]
	at org.testng.internal.TestMethodWorker.run(TestMethodWorker.java:128) [org.testng_7.4.0.r202105021533.jar:7.4.0]
	at java.base/java.util.ArrayList.forEach(ArrayList.java:1511) [?:?]
	at org.testng.TestRunner.privateRun(TestRunner.java:794) [org.testng_7.4.0.r202105021533.jar:7.4.0]
	at org.testng.TestRunner.run(TestRunner.java:596) [org.testng_7.4.0.r202105021533.jar:7.4.0]
	at org.testng.SuiteRunner.runTest(SuiteRunner.java:377) [org.testng_7.4.0.r202105021533.jar:7.4.0]
	at org.testng.SuiteRunner.access$000(SuiteRunner.java:28) [org.testng_7.4.0.r202105021533.jar:7.4.0]
	at org.testng.SuiteRunner$SuiteWorker.run(SuiteRunner.java:418) [org.testng_7.4.0.r202105021533.jar:7.4.0]
	at org.testng.internal.thread.ThreadUtil.lambda$execute$0(ThreadUtil.java:64) [org.testng_7.4.0.r202105021533.jar:7.4.0]
	at java.base/java.util.concurrent.FutureTask.run(FutureTask.java:264) [?:?]
	at java.base/java.util.concurrent.ThreadPoolExecutor.runWorker(ThreadPoolExecutor.java:1136) [?:?]
	at java.base/java.util.concurrent.ThreadPoolExecutor$Worker.run(ThreadPoolExecutor.java:635) [?:?]
	at java.base/java.lang.Thread.run(Thread.java:840) [?:?]
15:51:22.882 [TestNG-tests-1] ERROR org.apache.poi.openxml4j.opc.internal.marshallers.ZipPartMarshaller - Cannot write: /xl/worksheets/sheet5.xml: in ZIP
java.io.IOException: Stream Closed
	at java.base/java.io.FileOutputStream.writeBytes(Native Method) ~[?:?]
	at java.base/java.io.FileOutputStream.write(FileOutputStream.java:349) ~[?:?]
	at org.apache.commons.compress.archivers.zip.StreamCompressor$OutputStreamCompressor.writeOut(StreamCompressor.java:67) ~[commons-compress-1.24.0.jar:1.24.0]
	at org.apache.commons.compress.archivers.zip.StreamCompressor.writeCounted(StreamCompressor.java:311) ~[commons-compress-1.24.0.jar:1.24.0]
	at org.apache.commons.compress.archivers.zip.StreamCompressor.writeCounted(StreamCompressor.java:307) ~[commons-compress-1.24.0.jar:1.24.0]
	at org.apache.commons.compress.archivers.zip.ZipArchiveOutputStream.writeCounted(ZipArchiveOutputStream.java:1819) ~[commons-compress-1.24.0.jar:1.24.0]
	at org.apache.commons.compress.archivers.zip.ZipArchiveOutputStream.writeDataDescriptor(ZipArchiveOutputStream.java:1831) ~[commons-compress-1.24.0.jar:1.24.0]
	at org.apache.commons.compress.archivers.zip.ZipArchiveOutputStream.closeEntry(ZipArchiveOutputStream.java:685) ~[commons-compress-1.24.0.jar:1.24.0]
	at org.apache.commons.compress.archivers.zip.ZipArchiveOutputStream.closeArchiveEntry(ZipArchiveOutputStream.java:657) ~[commons-compress-1.24.0.jar:1.24.0]
	at org.apache.commons.compress.archivers.zip.ZipArchiveOutputStream.putArchiveEntry(ZipArchiveOutputStream.java:1321) ~[commons-compress-1.24.0.jar:1.24.0]
	at org.apache.commons.compress.archivers.zip.ZipArchiveOutputStream.putArchiveEntry(ZipArchiveOutputStream.java:1300) ~[commons-compress-1.24.0.jar:1.24.0]
	at org.apache.poi.openxml4j.opc.internal.marshallers.ZipPartMarshaller.marshall(ZipPartMarshaller.java:85) [poi-ooxml-5.2.4.jar:5.2.4]
	at org.apache.poi.openxml4j.opc.internal.MemoryPackagePart.save(MemoryPackagePart.java:116) [poi-ooxml-5.2.4.jar:5.2.4]
	at org.apache.poi.openxml4j.opc.internal.marshallers.DefaultMarshaller.marshall(DefaultMarshaller.java:46) [poi-ooxml-5.2.4.jar:5.2.4]
	at org.apache.poi.openxml4j.opc.ZipPackage.saveImpl(ZipPackage.java:594) [poi-ooxml-5.2.4.jar:5.2.4]
	at org.apache.poi.openxml4j.opc.OPCPackage.save(OPCPackage.java:1500) [poi-ooxml-5.2.4.jar:5.2.4]
	at org.apache.poi.ooxml.POIXMLDocument.write(POIXMLDocument.java:227) [poi-ooxml-5.2.4.jar:5.2.4]
	at Utilities.excel_utility.setCellData(excel_utility.java:69) [test-classes/:?]
	at testCase.TestCase2.submenu_printcheck(TestCase2.java:35) [test-classes/:?]
	at java.base/jdk.internal.reflect.NativeMethodAccessorImpl.invoke0(Native Method) ~[?:?]
	at java.base/jdk.internal.reflect.NativeMethodAccessorImpl.invoke(NativeMethodAccessorImpl.java:77) ~[?:?]
	at java.base/jdk.internal.reflect.DelegatingMethodAccessorImpl.invoke(DelegatingMethodAccessorImpl.java:43) ~[?:?]
	at java.base/java.lang.reflect.Method.invoke(Method.java:568) ~[?:?]
	at org.testng.internal.MethodInvocationHelper.invokeMethod(MethodInvocationHelper.java:133) [org.testng_7.4.0.r202105021533.jar:7.4.0]
	at org.testng.internal.TestInvoker.invokeMethod(TestInvoker.java:598) [org.testng_7.4.0.r202105021533.jar:7.4.0]
	at org.testng.internal.TestInvoker.invokeTestMethod(TestInvoker.java:173) [org.testng_7.4.0.r202105021533.jar:7.4.0]
	at org.testng.internal.MethodRunner.runInSequence(MethodRunner.java:46) [org.testng_7.4.0.r202105021533.jar:7.4.0]
	at org.testng.internal.TestInvoker$MethodInvocationAgent.invoke(TestInvoker.java:824) [org.testng_7.4.0.r202105021533.jar:7.4.0]
	at org.testng.internal.TestInvoker.invokeTestMethods(TestInvoker.java:146) [org.testng_7.4.0.r202105021533.jar:7.4.0]
	at org.testng.internal.TestMethodWorker.invokeTestMethods(TestMethodWorker.java:146) [org.testng_7.4.0.r202105021533.jar:7.4.0]
	at org.testng.internal.TestMethodWorker.run(TestMethodWorker.java:128) [org.testng_7.4.0.r202105021533.jar:7.4.0]
	at java.base/java.util.ArrayList.forEach(ArrayList.java:1511) [?:?]
	at org.testng.TestRunner.privateRun(TestRunner.java:794) [org.testng_7.4.0.r202105021533.jar:7.4.0]
	at org.testng.TestRunner.run(TestRunner.java:596) [org.testng_7.4.0.r202105021533.jar:7.4.0]
	at org.testng.SuiteRunner.runTest(SuiteRunner.java:377) [org.testng_7.4.0.r202105021533.jar:7.4.0]
	at org.testng.SuiteRunner.access$000(SuiteRunner.java:28) [org.testng_7.4.0.r202105021533.jar:7.4.0]
	at org.testng.SuiteRunner$SuiteWorker.run(SuiteRunner.java:418) [org.testng_7.4.0.r202105021533.jar:7.4.0]
	at org.testng.internal.thread.ThreadUtil.lambda$execute$0(ThreadUtil.java:64) [org.testng_7.4.0.r202105021533.jar:7.4.0]
	at java.base/java.util.concurrent.FutureTask.run(FutureTask.java:264) [?:?]
	at java.base/java.util.concurrent.ThreadPoolExecutor.runWorker(ThreadPoolExecutor.java:1136) [?:?]
	at java.base/java.util.concurrent.ThreadPoolExecutor$Worker.run(ThreadPoolExecutor.java:635) [?:?]
	at java.base/java.lang.Thread.run(Thread.java:840) [?:?]
